This is pdfTeX, Version 3.141592653-2.6-1.40.23 (TeX Live 2021/W32TeX) (preloaded format=pdflatex 2021.12.30)  21 FEB 2022 11:23
entering extended mode
 restricted \write18 enabled.
 %&-line parsing enabled.
**sageCastSupplement.tex
(./sageCastSupplement.tex
LaTeX2e <2021-11-15> patch level 1
L3 programming layer <2021-11-22>
(c:/Users/atredennick/AppData/Roaming/TinyTeX/texmf-dist/tex/latex/base/article
.cls
Document Class: article 2021/10/04 v1.4n Standard LaTeX document class

(c:/Users/atredennick/AppData/Roaming/TinyTeX/texmf-dist/tex/latex/base/size10.
clo
File: size10.clo 2021/10/04 v1.4n Standard LaTeX file (size option)
)
\c@part=\count183
\c@section=\count184
\c@subsection=\count185
\c@subsubsection=\count186
\c@paragraph=\count187
\c@subparagraph=\count188
\c@figure=\count189
\c@table=\count190
\abovecaptionskip=\skip47
\belowcaptionskip=\skip48
\bibindent=\dimen138
)
(c:/Users/atredennick/AppData/Roaming/TinyTeX/texmf-dist/tex/latex/amsmath/amsm
ath.sty
Package: amsmath 2021/10/15 v2.17l AMS math features
\@mathmargin=\skip49
For additional information on amsmath, use the `?' option.

(c:/Users/atredennick/AppData/Roaming/TinyTeX/texmf-dist/tex/latex/amsmath/amst
ext.sty
Package: amstext 2021/08/26 v2.01 AMS text

(c:/Users/atredennick/AppData/Roaming/TinyTeX/texmf-dist/tex/latex/amsmath/amsg
en.sty
File: amsgen.sty 1999/11/30 v2.0 generic functions
\@emptytoks=\toks16
\ex@=\dimen139
))
(c:/Users/atredennick/AppData/Roaming/TinyTeX/texmf-dist/tex/latex/amsmath/amsb
sy.sty
Package: amsbsy 1999/11/29 v1.2d Bold Symbols
\pmbraise@=\dimen140
)
(c:/Users/atredennick/AppData/Roaming/TinyTeX/texmf-dist/tex/latex/amsmath/amso
pn.sty
Package: amsopn 2021/08/26 v2.02 operator names
)
\inf@bad=\count191
LaTeX Info: Redefining \frac on input line 234.
\uproot@=\count192
\leftroot@=\count193
LaTeX Info: Redefining \overline on input line 399.
\classnum@=\count194
\DOTSCASE@=\count195
LaTeX Info: Redefining \ldots on input line 496.
LaTeX Info: Redefining \dots on input line 499.
LaTeX Info: Redefining \cdots on input line 620.
\Mathstrutbox@=\box50
\strutbox@=\box51
\big@size=\dimen141
LaTeX Font Info:    Redeclaring font encoding OML on input line 743.
LaTeX Font Info:    Redeclaring font encoding OMS on input line 744.
\macc@depth=\count196
\c@MaxMatrixCols=\count197
\dotsspace@=\muskip16
\c@parentequation=\count198
\dspbrk@lvl=\count199
\tag@help=\toks17
\row@=\count266
\column@=\count267
\maxfields@=\count268
\andhelp@=\toks18
\eqnshift@=\dimen142
\alignsep@=\dimen143
\tagshift@=\dimen144
\tagwidth@=\dimen145
\totwidth@=\dimen146
\lineht@=\dimen147
\@envbody=\toks19
\multlinegap=\skip50
\multlinetaggap=\skip51
\mathdisplay@stack=\toks20
LaTeX Info: Redefining \[ on input line 2938.
LaTeX Info: Redefining \] on input line 2939.
)
(c:/Users/atredennick/AppData/Roaming/TinyTeX/texmf-dist/tex/latex/amsfonts/ams
symb.sty
Package: amssymb 2013/01/14 v3.01 AMS font symbols

(c:/Users/atredennick/AppData/Roaming/TinyTeX/texmf-dist/tex/latex/amsfonts/ams
fonts.sty
Package: amsfonts 2013/01/14 v3.01 Basic AMSFonts support
\symAMSa=\mathgroup4
\symAMSb=\mathgroup5
LaTeX Font Info:    Redeclaring math symbol \hbar on input line 98.
LaTeX Font Info:    Overwriting math alphabet `\mathfrak' in version `bold'
(Font)                  U/euf/m/n --> U/euf/b/n on input line 106.
))
(c:/Users/atredennick/AppData/Roaming/TinyTeX/texmf-dist/tex/latex/lm/lmodern.s
ty
Package: lmodern 2015/05/01 v1.6.1 Latin Modern Fonts
LaTeX Font Info:    Overwriting symbol font `operators' in version `normal'
(Font)                  OT1/cmr/m/n --> OT1/lmr/m/n on input line 22.
LaTeX Font Info:    Overwriting symbol font `letters' in version `normal'
(Font)                  OML/cmm/m/it --> OML/lmm/m/it on input line 23.
LaTeX Font Info:    Overwriting symbol font `symbols' in version `normal'
(Font)                  OMS/cmsy/m/n --> OMS/lmsy/m/n on input line 24.
LaTeX Font Info:    Overwriting symbol font `largesymbols' in version `normal'
(Font)                  OMX/cmex/m/n --> OMX/lmex/m/n on input line 25.
LaTeX Font Info:    Overwriting symbol font `operators' in version `bold'
(Font)                  OT1/cmr/bx/n --> OT1/lmr/bx/n on input line 26.
LaTeX Font Info:    Overwriting symbol font `letters' in version `bold'
(Font)                  OML/cmm/b/it --> OML/lmm/b/it on input line 27.
LaTeX Font Info:    Overwriting symbol font `symbols' in version `bold'
(Font)                  OMS/cmsy/b/n --> OMS/lmsy/b/n on input line 28.
LaTeX Font Info:    Overwriting symbol font `largesymbols' in version `bold'
(Font)                  OMX/cmex/m/n --> OMX/lmex/m/n on input line 29.
LaTeX Font Info:    Overwriting math alphabet `\mathbf' in version `normal'
(Font)                  OT1/cmr/bx/n --> OT1/lmr/bx/n on input line 31.
LaTeX Font Info:    Overwriting math alphabet `\mathsf' in version `normal'
(Font)                  OT1/cmss/m/n --> OT1/lmss/m/n on input line 32.
LaTeX Font Info:    Overwriting math alphabet `\mathit' in version `normal'
(Font)                  OT1/cmr/m/it --> OT1/lmr/m/it on input line 33.
LaTeX Font Info:    Overwriting math alphabet `\mathtt' in version `normal'
(Font)                  OT1/cmtt/m/n --> OT1/lmtt/m/n on input line 34.
LaTeX Font Info:    Overwriting math alphabet `\mathbf' in version `bold'
(Font)                  OT1/cmr/bx/n --> OT1/lmr/bx/n on input line 35.
LaTeX Font Info:    Overwriting math alphabet `\mathsf' in version `bold'
(Font)                  OT1/cmss/bx/n --> OT1/lmss/bx/n on input line 36.
LaTeX Font Info:    Overwriting math alphabet `\mathit' in version `bold'
(Font)                  OT1/cmr/bx/it --> OT1/lmr/bx/it on input line 37.
LaTeX Font Info:    Overwriting math alphabet `\mathtt' in version `bold'
(Font)                  OT1/cmtt/m/n --> OT1/lmtt/m/n on input line 38.
)
(c:/Users/atredennick/AppData/Roaming/TinyTeX/texmf-dist/tex/generic/iftex/ifte
x.sty
Package: iftex 2020/03/06 v1.0d TeX engine tests
)
(c:/Users/atredennick/AppData/Roaming/TinyTeX/texmf-dist/tex/latex/base/fontenc
.sty
Package: fontenc 2021/04/29 v2.0v Standard LaTeX package
LaTeX Font Info:    Trying to load font information for T1+lmr on input line 11
2.
(c:/Users/atredennick/AppData/Roaming/TinyTeX/texmf-dist/tex/latex/lm/t1lmr.fd
File: t1lmr.fd 2015/05/01 v1.6.1 Font defs for Latin Modern
))
(c:/Users/atredennick/AppData/Roaming/TinyTeX/texmf-dist/tex/latex/base/inputen
c.sty
Package: inputenc 2021/02/14 v1.3d Input encoding file
\inpenc@prehook=\toks21
\inpenc@posthook=\toks22
)
(c:/Users/atredennick/AppData/Roaming/TinyTeX/texmf-dist/tex/latex/base/textcom
p.sty
Package: textcomp 2020/02/02 v2.0n Standard LaTeX package
)
(c:/Users/atredennick/AppData/Roaming/TinyTeX/texmf-dist/tex/latex/xcolor/xcolo
r.sty
Package: xcolor 2021/10/31 v2.13 LaTeX color extensions (UK)

(c:/Users/atredennick/AppData/Roaming/TinyTeX/texmf-dist/tex/latex/graphics-cfg
/color.cfg
File: color.cfg 2016/01/02 v1.6 sample color configuration
)
Package xcolor Info: Driver file: pdftex.def on input line 227.

(c:/Users/atredennick/AppData/Roaming/TinyTeX/texmf-dist/tex/latex/graphics-def
/pdftex.def
File: pdftex.def 2020/10/05 v1.2a Graphics/color driver for pdftex
)
Package xcolor Info: Model `cmy' substituted by `cmy0' on input line 1352.
Package xcolor Info: Model `hsb' substituted by `rgb' on input line 1356.
Package xcolor Info: Model `RGB' extended on input line 1368.
Package xcolor Info: Model `HTML' substituted by `rgb' on input line 1370.
Package xcolor Info: Model `Hsb' substituted by `hsb' on input line 1371.
Package xcolor Info: Model `tHsb' substituted by `hsb' on input line 1372.
Package xcolor Info: Model `HSB' substituted by `hsb' on input line 1373.
Package xcolor Info: Model `Gray' substituted by `gray' on input line 1374.
Package xcolor Info: Model `wave' substituted by `hsb' on input line 1375.
)
(c:/Users/atredennick/AppData/Roaming/TinyTeX/texmf-dist/tex/latex/hyperref/hyp
erref.sty
Package: hyperref 2021-06-07 v7.00m Hypertext links for LaTeX

(c:/Users/atredennick/AppData/Roaming/TinyTeX/texmf-dist/tex/generic/ltxcmds/lt
xcmds.sty
Package: ltxcmds 2020-05-10 v1.25 LaTeX kernel commands for general use (HO)
)
(c:/Users/atredennick/AppData/Roaming/TinyTeX/texmf-dist/tex/generic/pdftexcmds
/pdftexcmds.sty
Package: pdftexcmds 2020-06-27 v0.33 Utility functions of pdfTeX for LuaTeX (HO
)

(c:/Users/atredennick/AppData/Roaming/TinyTeX/texmf-dist/tex/generic/infwarerr/
infwarerr.sty
Package: infwarerr 2019/12/03 v1.5 Providing info/warning/error messages (HO)
)
Package pdftexcmds Info: \pdf@primitive is available.
Package pdftexcmds Info: \pdf@ifprimitive is available.
Package pdftexcmds Info: \pdfdraftmode found.
)
(c:/Users/atredennick/AppData/Roaming/TinyTeX/texmf-dist/tex/latex/graphics/key
val.sty
Package: keyval 2014/10/28 v1.15 key=value parser (DPC)
\KV@toks@=\toks23
)
(c:/Users/atredennick/AppData/Roaming/TinyTeX/texmf-dist/tex/generic/kvsetkeys/
kvsetkeys.sty
Package: kvsetkeys 2019/12/15 v1.18 Key value parser (HO)
)
(c:/Users/atredennick/AppData/Roaming/TinyTeX/texmf-dist/tex/generic/kvdefineke
ys/kvdefinekeys.sty
Package: kvdefinekeys 2019-12-19 v1.6 Define keys (HO)
)
(c:/Users/atredennick/AppData/Roaming/TinyTeX/texmf-dist/tex/generic/pdfescape/
pdfescape.sty
Package: pdfescape 2019/12/09 v1.15 Implements pdfTeX's escape features (HO)
)
(c:/Users/atredennick/AppData/Roaming/TinyTeX/texmf-dist/tex/latex/hycolor/hyco
lor.sty
Package: hycolor 2020-01-27 v1.10 Color options for hyperref/bookmark (HO)
)
(c:/Users/atredennick/AppData/Roaming/TinyTeX/texmf-dist/tex/latex/letltxmacro/
letltxmacro.sty
Package: letltxmacro 2019/12/03 v1.6 Let assignment for LaTeX macros (HO)
)
(c:/Users/atredennick/AppData/Roaming/TinyTeX/texmf-dist/tex/latex/auxhook/auxh
ook.sty
Package: auxhook 2019-12-17 v1.6 Hooks for auxiliary files (HO)
)
(c:/Users/atredennick/AppData/Roaming/TinyTeX/texmf-dist/tex/latex/kvoptions/kv
options.sty
Package: kvoptions 2020-10-07 v3.14 Key value format for package options (HO)
)
\@linkdim=\dimen148
\Hy@linkcounter=\count269
\Hy@pagecounter=\count270

(c:/Users/atredennick/AppData/Roaming/TinyTeX/texmf-dist/tex/latex/hyperref/pd1
enc.def
File: pd1enc.def 2021-06-07 v7.00m Hyperref: PDFDocEncoding definition (HO)
Now handling font encoding PD1 ...
... no UTF-8 mapping file for font encoding PD1
)
(c:/Users/atredennick/AppData/Roaming/TinyTeX/texmf-dist/tex/latex/hyperref/hyp
erref-langpatches.def
File: hyperref-langpatches.def 2021-06-07 v7.00m Hyperref: patches for babel la
nguages
)
(c:/Users/atredennick/AppData/Roaming/TinyTeX/texmf-dist/tex/generic/intcalc/in
tcalc.sty
Package: intcalc 2019/12/15 v1.3 Expandable calculations with integers (HO)
)
(c:/Users/atredennick/AppData/Roaming/TinyTeX/texmf-dist/tex/generic/etexcmds/e
texcmds.sty
Package: etexcmds 2019/12/15 v1.7 Avoid name clashes with e-TeX commands (HO)
)
\Hy@SavedSpaceFactor=\count271

(c:/Users/atredennick/AppData/Roaming/TinyTeX/texmf-dist/tex/latex/hyperref/pue
nc.def
File: puenc.def 2021-06-07 v7.00m Hyperref: PDF Unicode definition (HO)
Now handling font encoding PU ...
... no UTF-8 mapping file for font encoding PU
)
Package hyperref Info: Option `unicode' set `true' on input line 4073.
Package hyperref Info: Hyper figures OFF on input line 4192.
Package hyperref Info: Link nesting OFF on input line 4197.
Package hyperref Info: Hyper index ON on input line 4200.
Package hyperref Info: Plain pages OFF on input line 4207.
Package hyperref Info: Backreferencing OFF on input line 4212.
Package hyperref Info: Implicit mode ON; LaTeX internals redefined.
Package hyperref Info: Bookmarks ON on input line 4445.
\c@Hy@tempcnt=\count272
(c:/Users/atredennick/AppData/Roaming/TinyTeX/texmf-dist/tex/latex/url/url.sty
\Urlmuskip=\muskip17
Package: url 2013/09/16  ver 3.4  Verb mode for urls, etc.
)
LaTeX Info: Redefining \url on input line 4804.
\XeTeXLinkMargin=\dimen149

(c:/Users/atredennick/AppData/Roaming/TinyTeX/texmf-dist/tex/generic/bitset/bit
set.sty
Package: bitset 2019/12/09 v1.3 Handle bit-vector datatype (HO)

(c:/Users/atredennick/AppData/Roaming/TinyTeX/texmf-dist/tex/generic/bigintcalc
/bigintcalc.sty
Package: bigintcalc 2019/12/15 v1.5 Expandable calculations on big integers (HO
)
))
\Fld@menulength=\count273
\Field@Width=\dimen150
\Fld@charsize=\dimen151
Package hyperref Info: Hyper figures OFF on input line 6076.
Package hyperref Info: Link nesting OFF on input line 6081.
Package hyperref Info: Hyper index ON on input line 6084.
Package hyperref Info: backreferencing OFF on input line 6091.
Package hyperref Info: Link coloring OFF on input line 6096.
Package hyperref Info: Link coloring with OCG OFF on input line 6101.
Package hyperref Info: PDF/A mode OFF on input line 6106.
LaTeX Info: Redefining \ref on input line 6146.
LaTeX Info: Redefining \pageref on input line 6150.

(c:/Users/atredennick/AppData/Roaming/TinyTeX/texmf-dist/tex/latex/base/atbegsh
i-ltx.sty
Package: atbegshi-ltx 2021/01/10 v1.0c Emulation of the original atbegshi
package with kernel methods
)
\Hy@abspage=\count274
\c@Item=\count275
\c@Hfootnote=\count276
)
Package hyperref Info: Driver (autodetected): hpdftex.

(c:/Users/atredennick/AppData/Roaming/TinyTeX/texmf-dist/tex/latex/hyperref/hpd
ftex.def
File: hpdftex.def 2021-06-07 v7.00m Hyperref driver for pdfTeX

(c:/Users/atredennick/AppData/Roaming/TinyTeX/texmf-dist/tex/latex/base/atverye
nd-ltx.sty
Package: atveryend-ltx 2020/08/19 v1.0a Emulation of the original atveryend pac
kage
with kernel methods
)
\Fld@listcount=\count277
\c@bookmark@seq@number=\count278

(c:/Users/atredennick/AppData/Roaming/TinyTeX/texmf-dist/tex/latex/rerunfileche
ck/rerunfilecheck.sty
Package: rerunfilecheck 2019/12/05 v1.9 Rerun checks for auxiliary files (HO)

(c:/Users/atredennick/AppData/Roaming/TinyTeX/texmf-dist/tex/generic/uniquecoun
ter/uniquecounter.sty
Package: uniquecounter 2019/12/15 v1.4 Provide unlimited unique counter (HO)
)
Package uniquecounter Info: New unique counter `rerunfilecheck' on input line 2
86.
)
\Hy@SectionHShift=\skip52
)
(c:/Users/atredennick/AppData/Roaming/TinyTeX/texmf-dist/tex/latex/geometry/geo
metry.sty
Package: geometry 2020/01/02 v5.9 Page Geometry

(c:/Users/atredennick/AppData/Roaming/TinyTeX/texmf-dist/tex/generic/iftex/ifvt
ex.sty
Package: ifvtex 2019/10/25 v1.7 ifvtex legacy package. Use iftex instead.
)
\Gm@cnth=\count279
\Gm@cntv=\count280
\c@Gm@tempcnt=\count281
\Gm@bindingoffset=\dimen152
\Gm@wd@mp=\dimen153
\Gm@odd@mp=\dimen154
\Gm@even@mp=\dimen155
\Gm@layoutwidth=\dimen156
\Gm@layoutheight=\dimen157
\Gm@layouthoffset=\dimen158
\Gm@layoutvoffset=\dimen159
\Gm@dimlist=\toks24
)
(c:/Users/atredennick/AppData/Roaming/TinyTeX/texmf-dist/tex/latex/tools/longta
ble.sty
Package: longtable 2021-09-01 v4.17 Multi-page Table package (DPC)
\LTleft=\skip53
\LTright=\skip54
\LTpre=\skip55
\LTpost=\skip56
\LTchunksize=\count282
\LTcapwidth=\dimen160
\LT@head=\box52
\LT@firsthead=\box53
\LT@foot=\box54
\LT@lastfoot=\box55
\LT@gbox=\box56
\LT@cols=\count283
\LT@rows=\count284
\c@LT@tables=\count285
\c@LT@chunks=\count286
\LT@p@ftn=\toks25
)
(c:/Users/atredennick/AppData/Roaming/TinyTeX/texmf-dist/tex/latex/booktabs/boo
ktabs.sty
Package: booktabs 2020/01/12 v1.61803398 Publication quality tables
\heavyrulewidth=\dimen161
\lightrulewidth=\dimen162
\cmidrulewidth=\dimen163
\belowrulesep=\dimen164
\belowbottomsep=\dimen165
\aboverulesep=\dimen166
\abovetopsep=\dimen167
\cmidrulesep=\dimen168
\cmidrulekern=\dimen169
\defaultaddspace=\dimen170
\@cmidla=\count287
\@cmidlb=\count288
\@aboverulesep=\dimen171
\@belowrulesep=\dimen172
\@thisruleclass=\count289
\@lastruleclass=\count290
\@thisrulewidth=\dimen173
)
(c:/Users/atredennick/AppData/Roaming/TinyTeX/texmf-dist/tex/latex/tools/array.
sty
Package: array 2021/10/04 v2.5f Tabular extension package (FMi)
\col@sep=\dimen174
\ar@mcellbox=\box57
\extrarowheight=\dimen175
\NC@list=\toks26
\extratabsurround=\skip57
\backup@length=\skip58
\ar@cellbox=\box58
)
(c:/Users/atredennick/AppData/Roaming/TinyTeX/texmf-dist/tex/latex/tools/calc.s
ty
Package: calc 2017/05/25 v4.3 Infix arithmetic (KKT,FJ)
\calc@Acount=\count291
\calc@Bcount=\count292
\calc@Adimen=\dimen176
\calc@Bdimen=\dimen177
\calc@Askip=\skip59
\calc@Bskip=\skip60
LaTeX Info: Redefining \setlength on input line 80.
LaTeX Info: Redefining \addtolength on input line 81.
\calc@Ccount=\count293
\calc@Cskip=\skip61
)
(c:/Users/atredennick/AppData/Roaming/TinyTeX/texmf-dist/tex/latex/etoolbox/eto
olbox.sty
Package: etoolbox 2020/10/05 v2.5k e-TeX tools for LaTeX (JAW)
\etb@tempcnta=\count294
)
(c:/Users/atredennick/AppData/Roaming/TinyTeX/texmf-dist/tex/latex/mdwtools/foo
tnote.sty
Package: footnote 1997/01/28 1.13 Save footnotes around boxes
\fn@notes=\box59
\fn@width=\dimen178
)
(c:/Users/atredennick/AppData/Roaming/TinyTeX/texmf-dist/tex/latex/graphics/gra
phicx.sty
Package: graphicx 2021/09/16 v1.2d Enhanced LaTeX Graphics (DPC,SPQR)

(c:/Users/atredennick/AppData/Roaming/TinyTeX/texmf-dist/tex/latex/graphics/gra
phics.sty
Package: graphics 2021/03/04 v1.4d Standard LaTeX Graphics (DPC,SPQR)

(c:/Users/atredennick/AppData/Roaming/TinyTeX/texmf-dist/tex/latex/graphics/tri
g.sty
Package: trig 2021/08/11 v1.11 sin cos tan (DPC)
)
(c:/Users/atredennick/AppData/Roaming/TinyTeX/texmf-dist/tex/latex/graphics-cfg
/graphics.cfg
File: graphics.cfg 2016/06/04 v1.11 sample graphics configuration
)
Package graphics Info: Driver file: pdftex.def on input line 107.
)
\Gin@req@height=\dimen179
\Gin@req@width=\dimen180
)
(c:/Users/atredennick/AppData/Roaming/TinyTeX/texmf-dist/tex/latex/float/float.
sty
Package: float 2001/11/08 v1.3d Float enhancements (AL)
\c@float@type=\count295
\float@exts=\toks27
\float@box=\box60
\@float@everytoks=\toks28
\@floatcapt=\box61
)
(c:/Users/atredennick/AppData/Roaming/TinyTeX/texmf-dist/tex/latex/l3backend/l3
backend-pdftex.def
File: l3backend-pdftex.def 2021-12-14 L3 backend support: PDF output (pdfTeX)
\l__color_backend_stack_int=\count296
\l__pdf_internal_box=\box62
) (./sageCastSupplement.aux

LaTeX Warning: Label `tab:rhats' multiply defined.


LaTeX Warning: Label `tab:rhats' multiply defined.


LaTeX Warning: Label `tab:rhats' multiply defined.


LaTeX Warning: Label `tab:rhats' multiply defined.


LaTeX Warning: Label `tab:rhats' multiply defined.


LaTeX Warning: Label `tab:rhats' multiply defined.


LaTeX Warning: Label `tab:rhats' multiply defined.


LaTeX Warning: Label `tab:rhats' multiply defined.


LaTeX Warning: Label `tab:rhats' multiply defined.


LaTeX Warning: Label `tab:rhats' multiply defined.


LaTeX Warning: Label `tab:rhats' multiply defined.


LaTeX Warning: Label `tab:rhats' multiply defined.


LaTeX Warning: Label `tab:rhats' multiply defined.


LaTeX Warning: Label `tab:rhats' multiply defined.


LaTeX Warning: Label `tab:rhats' multiply defined.


LaTeX Warning: Label `tab:rhats' multiply defined.


LaTeX Warning: Label `tab:rhats' multiply defined.


LaTeX Warning: Label `tab:rhats' multiply defined.


LaTeX Warning: Label `tab:rhats' multiply defined.


LaTeX Warning: Label `tab:rhats' multiply defined.


LaTeX Warning: Label `tab:rhats' multiply defined.


LaTeX Warning: Label `tab:rhats' multiply defined.


LaTeX Warning: Label `tab:rhats' multiply defined.


LaTeX Warning: Label `tab:rhats' multiply defined.


LaTeX Warning: Label `tab:rhats' multiply defined.


LaTeX Warning: Label `tab:rhats' multiply defined.


LaTeX Warning: Label `tab:rhats' multiply defined.


LaTeX Warning: Label `tab:rhats' multiply defined.


LaTeX Warning: Label `tab:rhats' multiply defined.


LaTeX Warning: Label `tab:rhats' multiply defined.


LaTeX Warning: Label `tab:rhats' multiply defined.


LaTeX Warning: Label `tab:rhats' multiply defined.


LaTeX Warning: Label `tab:rhats' multiply defined.


LaTeX Warning: Label `tab:rhats' multiply defined.


LaTeX Warning: Label `tab:rhats' multiply defined.


LaTeX Warning: Label `tab:rhats' multiply defined.


LaTeX Warning: Label `tab:rhats' multiply defined.


LaTeX Warning: Label `tab:rhats' multiply defined.

)
\openout1 = `sageCastSupplement.aux'.

LaTeX Font Info:    Checking defaults for OML/cmm/m/it on input line 78.
LaTeX Font Info:    ... okay on input line 78.
LaTeX Font Info:    Checking defaults for OMS/cmsy/m/n on input line 78.
LaTeX Font Info:    ... okay on input line 78.
LaTeX Font Info:    Checking defaults for OT1/cmr/m/n on input line 78.
LaTeX Font Info:    ... okay on input line 78.
LaTeX Font Info:    Checking defaults for T1/cmr/m/n on input line 78.
LaTeX Font Info:    ... okay on input line 78.
LaTeX Font Info:    Checking defaults for TS1/cmr/m/n on input line 78.
LaTeX Font Info:    ... okay on input line 78.
LaTeX Font Info:    Checking defaults for OMX/cmex/m/n on input line 78.
LaTeX Font Info:    ... okay on input line 78.
LaTeX Font Info:    Checking defaults for U/cmr/m/n on input line 78.
LaTeX Font Info:    ... okay on input line 78.
LaTeX Font Info:    Checking defaults for PD1/pdf/m/n on input line 78.
LaTeX Font Info:    ... okay on input line 78.
LaTeX Font Info:    Checking defaults for PU/pdf/m/n on input line 78.
LaTeX Font Info:    ... okay on input line 78.

(c:/Users/atredennick/AppData/Roaming/TinyTeX/texmf-dist/tex/latex/epstopdf-pkg
/epstopdf-base.sty
Package: epstopdf-base 2020-01-24 v2.11 Base part for package epstopdf
Package epstopdf-base Info: Redefining graphics rule for `.eps' on input line 4
85.

(c:/Users/atredennick/AppData/Roaming/TinyTeX/texmf-dist/tex/latex/latexconfig/
epstopdf-sys.cfg
File: epstopdf-sys.cfg 2010/07/13 v1.3 Configuration of (r)epstopdf for TeX Liv
e
))
Package hyperref Info: Link coloring OFF on input line 78.

(c:/Users/atredennick/AppData/Roaming/TinyTeX/texmf-dist/tex/latex/hyperref/nam
eref.sty
Package: nameref 2021-04-02 v2.47 Cross-referencing by name of section

(c:/Users/atredennick/AppData/Roaming/TinyTeX/texmf-dist/tex/latex/refcount/ref
count.sty
Package: refcount 2019/12/15 v3.6 Data extraction from label references (HO)
)
(c:/Users/atredennick/AppData/Roaming/TinyTeX/texmf-dist/tex/generic/gettitlest
ring/gettitlestring.sty
Package: gettitlestring 2019/12/15 v1.6 Cleanup title references (HO)
)
\c@section@level=\count297
)
LaTeX Info: Redefining \ref on input line 78.
LaTeX Info: Redefining \pageref on input line 78.
LaTeX Info: Redefining \nameref on input line 78.
(./sageCastSupplement.out) (./sageCastSupplement.out)
\@outlinefile=\write3
\openout3 = `sageCastSupplement.out'.

*geometry* driver: auto-detecting
*geometry* detected driver: pdftex
*geometry* verbose mode - [ preamble ] result:
* driver: pdftex
* paper: <default>
* layout: <same size as paper>
* layoutoffset:(h,v)=(0.0pt,0.0pt)
* modes: 
* h-part:(L,W,R)=(72.26999pt, 469.75502pt, 72.26999pt)
* v-part:(T,H,B)=(72.26999pt, 650.43001pt, 72.26999pt)
* \paperwidth=614.295pt
* \paperheight=794.96999pt
* \textwidth=469.75502pt
* \textheight=650.43001pt
* \oddsidemargin=0.0pt
* \evensidemargin=0.0pt
* \topmargin=-37.0pt
* \headheight=12.0pt
* \headsep=25.0pt
* \topskip=10.0pt
* \footskip=30.0pt
* \marginparwidth=65.0pt
* \marginparsep=11.0pt
* \columnsep=10.0pt
* \skip\footins=9.0pt plus 4.0pt minus 2.0pt
* \hoffset=0.0pt
* \voffset=0.0pt
* \mag=1000
* \@twocolumnfalse
* \@twosidefalse
* \@mparswitchfalse
* \@reversemarginfalse
* (1in=72.27pt=25.4mm, 1cm=28.453pt)

LaTeX Font Info:    Trying to load font information for OT1+lmr on input line 9
0.

(c:/Users/atredennick/AppData/Roaming/TinyTeX/texmf-dist/tex/latex/lm/ot1lmr.fd
File: ot1lmr.fd 2015/05/01 v1.6.1 Font defs for Latin Modern
)
LaTeX Font Info:    Trying to load font information for OML+lmm on input line 9
0.

(c:/Users/atredennick/AppData/Roaming/TinyTeX/texmf-dist/tex/latex/lm/omllmm.fd
File: omllmm.fd 2015/05/01 v1.6.1 Font defs for Latin Modern
)
LaTeX Font Info:    Trying to load font information for OMS+lmsy on input line 
90.

(c:/Users/atredennick/AppData/Roaming/TinyTeX/texmf-dist/tex/latex/lm/omslmsy.f
d
File: omslmsy.fd 2015/05/01 v1.6.1 Font defs for Latin Modern
)
LaTeX Font Info:    Trying to load font information for OMX+lmex on input line 
90.

(c:/Users/atredennick/AppData/Roaming/TinyTeX/texmf-dist/tex/latex/lm/omxlmex.f
d
File: omxlmex.fd 2015/05/01 v1.6.1 Font defs for Latin Modern
)
LaTeX Font Info:    External font `lmex10' loaded for size
(Font)              <10> on input line 90.
LaTeX Font Info:    External font `lmex10' loaded for size
(Font)              <7> on input line 90.
LaTeX Font Info:    External font `lmex10' loaded for size
(Font)              <5> on input line 90.
LaTeX Font Info:    Trying to load font information for U+msa on input line 90.


(c:/Users/atredennick/AppData/Roaming/TinyTeX/texmf-dist/tex/latex/amsfonts/ums
a.fd
File: umsa.fd 2013/01/14 v3.01 AMS symbols A
)
LaTeX Font Info:    Trying to load font information for U+msb on input line 90.


(c:/Users/atredennick/AppData/Roaming/TinyTeX/texmf-dist/tex/latex/amsfonts/ums
b.fd
File: umsb.fd 2013/01/14 v3.01 AMS symbols B
) [1

{c:/Users/atredennick/AppData/Roaming/TinyTeX/texmf-var/fonts/map/pdftex/updmap
/pdftex.map}] [2pdfTeX warning (ext4): destination with the same identifier (na
me{table.1}) has been already used, duplicate ignored
<argument> ...shipout:D \box_use:N \l_shipout_box 
                                                  \__shipout_drop_firstpage_...
l.3450 
       ] [3pdfTeX warning (ext4): destination with the same identifier (name{ta
ble.2}) has been already used, duplicate ignored
<argument> ...shipout:D \box_use:N \l_shipout_box 
                                                  \__shipout_drop_firstpage_...
l.3450 
       ] [4pdfTeX warning (ext4): destination with the same identifier (name{ta
ble.3}) has been already used, duplicate ignored
<argument> ...shipout:D \box_use:N \l_shipout_box 
                                                  \__shipout_drop_firstpage_...
l.3450 
       ] [5pdfTeX warning (ext4): destination with the same identifier (name{ta
ble.4}) has been already used, duplicate ignored
<argument> ...shipout:D \box_use:N \l_shipout_box 
                                                  \__shipout_drop_firstpage_...
l.3450 
       ] [6pdfTeX warning (ext4): destination with the same identifier (name{ta
ble.5}) has been already used, duplicate ignored
<argument> ...shipout:D \box_use:N \l_shipout_box 
                                                  \__shipout_drop_firstpage_...
l.3450 
       ] [7pdfTeX warning (ext4): destination with the same identifier (name{ta
ble.6}) has been already used, duplicate ignored
<argument> ...shipout:D \box_use:N \l_shipout_box 
                                                  \__shipout_drop_firstpage_...
l.3450 
       ] [8pdfTeX warning (ext4): destination with the same identifier (name{ta
ble.7}) has been already used, duplicate ignored
<argument> ...shipout:D \box_use:N \l_shipout_box 
                                                  \__shipout_drop_firstpage_...
l.3450 
       ] [9pdfTeX warning (ext4): destination with the same identifier (name{ta
ble.8}) has been already used, duplicate ignored
<argument> ...shipout:D \box_use:N \l_shipout_box 
                                                  \__shipout_drop_firstpage_...
l.3450 
       ] [10pdfTeX warning (ext4): destination with the same identifier (name{t
able.9}) has been already used, duplicate ignored
<argument> ...shipout:D \box_use:N \l_shipout_box 
                                                  \__shipout_drop_firstpage_...
l.3450 
       ] [11pdfTeX warning (ext4): destination with the same identifier (name{t
able.10}) has been already used, duplicate ignored
<argument> ...shipout:D \box_use:N \l_shipout_box 
                                                  \__shipout_drop_firstpage_...
l.3450 
       ] [12pdfTeX warning (ext4): destination with the same identifier (name{t
able.11}) has been already used, duplicate ignored
<argument> ...shipout:D \box_use:N \l_shipout_box 
                                                  \__shipout_drop_firstpage_...
l.3450 
       ] [13pdfTeX warning (ext4): destination with the same identifier (name{t
able.12}) has been already used, duplicate ignored
<argument> ...shipout:D \box_use:N \l_shipout_box 
                                                  \__shipout_drop_firstpage_...
l.3450 
       ] [14pdfTeX warning (ext4): destination with the same identifier (name{t
able.13}) has been already used, duplicate ignored
<argument> ...shipout:D \box_use:N \l_shipout_box 
                                                  \__shipout_drop_firstpage_...
l.3450 
       ] [15pdfTeX warning (ext4): destination with the same identifier (name{t
able.14}) has been already used, duplicate ignored
<argument> ...shipout:D \box_use:N \l_shipout_box 
                                                  \__shipout_drop_firstpage_...
l.3450 
       ] [16pdfTeX warning (ext4): destination with the same identifier (name{t
able.15}) has been already used, duplicate ignored
<argument> ...shipout:D \box_use:N \l_shipout_box 
                                                  \__shipout_drop_firstpage_...
l.3450 
       ] [17pdfTeX warning (ext4): destination with the same identifier (name{t
able.16}) has been already used, duplicate ignored
<argument> ...shipout:D \box_use:N \l_shipout_box 
                                                  \__shipout_drop_firstpage_...
l.3450 
       ] [18pdfTeX warning (ext4): destination with the same identifier (name{t
able.17}) has been already used, duplicate ignored
<argument> ...shipout:D \box_use:N \l_shipout_box 
                                                  \__shipout_drop_firstpage_...
l.3450 
       ] [19pdfTeX warning (ext4): destination with the same identifier (name{t
able.18}) has been already used, duplicate ignored
<argument> ...shipout:D \box_use:N \l_shipout_box 
                                                  \__shipout_drop_firstpage_...
l.3450 
       ] [20pdfTeX warning (ext4): destination with the same identifier (name{t
able.19}) has been already used, duplicate ignored
<argument> ...shipout:D \box_use:N \l_shipout_box 
                                                  \__shipout_drop_firstpage_...
l.3450 
       ] [21pdfTeX warning (ext4): destination with the same identifier (name{t
able.20}) has been already used, duplicate ignored
<argument> ...shipout:D \box_use:N \l_shipout_box 
                                                  \__shipout_drop_firstpage_...
l.3450 
       ] [22pdfTeX warning (ext4): destination with the same identifier (name{t
able.21}) has been already used, duplicate ignored
<argument> ...shipout:D \box_use:N \l_shipout_box 
                                                  \__shipout_drop_firstpage_...
l.3450 
       ] [23pdfTeX warning (ext4): destination with the same identifier (name{t
able.22}) has been already used, duplicate ignored
<argument> ...shipout:D \box_use:N \l_shipout_box 
                                                  \__shipout_drop_firstpage_...
l.3450 
       ] [24pdfTeX warning (ext4): destination with the same identifier (name{t
able.23}) has been already used, duplicate ignored
<argument> ...shipout:D \box_use:N \l_shipout_box 
                                                  \__shipout_drop_firstpage_...
l.3450 
       ] [25pdfTeX warning (ext4): destination with the same identifier (name{t
able.24}) has been already used, duplicate ignored
<argument> ...shipout:D \box_use:N \l_shipout_box 
                                                  \__shipout_drop_firstpage_...
l.3450 
       ] [26pdfTeX warning (ext4): destination with the same identifier (name{t
able.25}) has been already used, duplicate ignored
<argument> ...shipout:D \box_use:N \l_shipout_box 
                                                  \__shipout_drop_firstpage_...
l.3450 
       ] [27pdfTeX warning (ext4): destination with the same identifier (name{t
able.26}) has been already used, duplicate ignored
<argument> ...shipout:D \box_use:N \l_shipout_box 
                                                  \__shipout_drop_firstpage_...
l.3450 
       ] [28pdfTeX warning (ext4): destination with the same identifier (name{t
able.27}) has been already used, duplicate ignored
<argument> ...shipout:D \box_use:N \l_shipout_box 
                                                  \__shipout_drop_firstpage_...
l.3450 
       ] [29pdfTeX warning (ext4): destination with the same identifier (name{t
able.28}) has been already used, duplicate ignored
<argument> ...shipout:D \box_use:N \l_shipout_box 
                                                  \__shipout_drop_firstpage_...
l.3450 
       ] [30pdfTeX warning (ext4): destination with the same identifier (name{t
able.29}) has been already used, duplicate ignored
<argument> ...shipout:D \box_use:N \l_shipout_box 
                                                  \__shipout_drop_firstpage_...
l.3450 
       ] [31pdfTeX warning (ext4): destination with the same identifier (name{t
able.30}) has been already used, duplicate ignored
<argument> ...shipout:D \box_use:N \l_shipout_box 
                                                  \__shipout_drop_firstpage_...
l.3450 
       ] [32pdfTeX warning (ext4): destination with the same identifier (name{t
able.31}) has been already used, duplicate ignored
<argument> ...shipout:D \box_use:N \l_shipout_box 
                                                  \__shipout_drop_firstpage_...
l.3450 
       ] [33pdfTeX warning (ext4): destination with the same identifier (name{t
able.32}) has been already used, duplicate ignored
<argument> ...shipout:D \box_use:N \l_shipout_box 
                                                  \__shipout_drop_firstpage_...
l.3450 
       ] [34pdfTeX warning (ext4): destination with the same identifier (name{t
able.33}) has been already used, duplicate ignored
<argument> ...shipout:D \box_use:N \l_shipout_box 
                                                  \__shipout_drop_firstpage_...
l.3450 
       ] [35pdfTeX warning (ext4): destination with the same identifier (name{t
able.34}) has been already used, duplicate ignored
<argument> ...shipout:D \box_use:N \l_shipout_box 
                                                  \__shipout_drop_firstpage_...
l.3450 
       ] [36pdfTeX warning (ext4): destination with the same identifier (name{t
able.35}) has been already used, duplicate ignored
<argument> ...shipout:D \box_use:N \l_shipout_box 
                                                  \__shipout_drop_firstpage_...
l.3450 
       ] [37pdfTeX warning (ext4): destination with the same identifier (name{t
able.36}) has been already used, duplicate ignored
<argument> ...shipout:D \box_use:N \l_shipout_box 
                                                  \__shipout_drop_firstpage_...
l.3450 
       ] [38pdfTeX warning (ext4): destination with the same identifier (name{t
able.37}) has been already used, duplicate ignored
<argument> ...shipout:D \box_use:N \l_shipout_box 
                                                  \__shipout_drop_firstpage_...
l.3450 
       ] [39pdfTeX warning (ext4): destination with the same identifier (name{t
able.38}) has been already used, duplicate ignored
<argument> ...shipout:D \box_use:N \l_shipout_box 
                                                  \__shipout_drop_firstpage_...
l.3450 
       ] [40pdfTeX warning (ext4): destination with the same identifier (name{t
able.39}) has been already used, duplicate ignored
<argument> ...shipout:D \box_use:N \l_shipout_box 
                                                  \__shipout_drop_firstpage_...
l.3450 
       ]
<sageCastSupplement_files/figure-latex/posteriors-1.pdf, id=229, 469.755pt x 32
5.215pt>
File: sageCastSupplement_files/figure-latex/posteriors-1.pdf Graphic file (type
 pdf)
<use sageCastSupplement_files/figure-latex/posteriors-1.pdf>
Package pdftex.def Info: sageCastSupplement_files/figure-latex/posteriors-1.pdf
  used on input line 3454.
(pdftex.def)             Requested size: 469.75386pt x 325.2142pt.
<sageCastSupplement_files/figure-latex/posteriors-2.pdf, id=230, 469.755pt x 32
5.215pt>
File: sageCastSupplement_files/figure-latex/posteriors-2.pdf Graphic file (type
 pdf)
<use sageCastSupplement_files/figure-latex/posteriors-2.pdf>
Package pdftex.def Info: sageCastSupplement_files/figure-latex/posteriors-2.pdf
  used on input line 3471.
(pdftex.def)             Requested size: 469.75386pt x 325.2142pt.
[41 <./sageCastSupplement_files/figure-latex/posteriors-1.pdf>]
<sageCastSupplement_files/figure-latex/posteriors-3.pdf, id=244, 469.755pt x 32
5.215pt>
File: sageCastSupplement_files/figure-latex/posteriors-3.pdf Graphic file (type
 pdf)
<use sageCastSupplement_files/figure-latex/posteriors-3.pdf>
Package pdftex.def Info: sageCastSupplement_files/figure-latex/posteriors-3.pdf
  used on input line 3488.
(pdftex.def)             Requested size: 469.75386pt x 325.2142pt.
[42 <./sageCastSupplement_files/figure-latex/posteriors-2.pdf>]
<sageCastSupplement_files/figure-latex/posteriors-4.pdf, id=255, 469.755pt x 32
5.215pt>
File: sageCastSupplement_files/figure-latex/posteriors-4.pdf Graphic file (type
 pdf)
<use sageCastSupplement_files/figure-latex/posteriors-4.pdf>
Package pdftex.def Info: sageCastSupplement_files/figure-latex/posteriors-4.pdf
  used on input line 3505.
(pdftex.def)             Requested size: 469.75386pt x 325.2142pt.
[43 <./sageCastSupplement_files/figure-latex/posteriors-3.pdf>]
<sageCastSupplement_files/figure-latex/posteriors-5.pdf, id=267, 469.755pt x 32
5.215pt>
File: sageCastSupplement_files/figure-latex/posteriors-5.pdf Graphic file (type
 pdf)
<use sageCastSupplement_files/figure-latex/posteriors-5.pdf>
Package pdftex.def Info: sageCastSupplement_files/figure-latex/posteriors-5.pdf
  used on input line 3522.
(pdftex.def)             Requested size: 469.75386pt x 325.2142pt.
[44 <./sageCastSupplement_files/figure-latex/posteriors-4.pdf>]
<sageCastSupplement_files/figure-latex/posteriors-6.pdf, id=279, 469.755pt x 32
5.215pt>
File: sageCastSupplement_files/figure-latex/posteriors-6.pdf Graphic file (type
 pdf)
<use sageCastSupplement_files/figure-latex/posteriors-6.pdf>
Package pdftex.def Info: sageCastSupplement_files/figure-latex/posteriors-6.pdf
  used on input line 3539.
(pdftex.def)             Requested size: 469.75386pt x 325.2142pt.
[45 <./sageCastSupplement_files/figure-latex/posteriors-5.pdf>]
<sageCastSupplement_files/figure-latex/posteriors-7.pdf, id=290, 469.755pt x 32
5.215pt>
File: sageCastSupplement_files/figure-latex/posteriors-7.pdf Graphic file (type
 pdf)
<use sageCastSupplement_files/figure-latex/posteriors-7.pdf>
Package pdftex.def Info: sageCastSupplement_files/figure-latex/posteriors-7.pdf
  used on input line 3555.
(pdftex.def)             Requested size: 469.75386pt x 325.2142pt.
[46 <./sageCastSupplement_files/figure-latex/posteriors-6.pdf>]
<sageCastSupplement_files/figure-latex/posteriors-8.pdf, id=301, 469.755pt x 32
5.215pt>
File: sageCastSupplement_files/figure-latex/posteriors-8.pdf Graphic file (type
 pdf)
<use sageCastSupplement_files/figure-latex/posteriors-8.pdf>
Package pdftex.def Info: sageCastSupplement_files/figure-latex/posteriors-8.pdf
  used on input line 3571.
(pdftex.def)             Requested size: 469.75386pt x 325.2142pt.
[47 <./sageCastSupplement_files/figure-latex/posteriors-7.pdf>]
<sageCastSupplement_files/figure-latex/posteriors-9.pdf, id=312, 469.755pt x 32
5.215pt>
File: sageCastSupplement_files/figure-latex/posteriors-9.pdf Graphic file (type
 pdf)
<use sageCastSupplement_files/figure-latex/posteriors-9.pdf>
Package pdftex.def Info: sageCastSupplement_files/figure-latex/posteriors-9.pdf
  used on input line 3589.
(pdftex.def)             Requested size: 469.75386pt x 325.2142pt.
[48 <./sageCastSupplement_files/figure-latex/posteriors-8.pdf>]
<sageCastSupplement_files/figure-latex/posteriors-10.pdf, id=323, 469.755pt x 3
25.215pt>
File: sageCastSupplement_files/figure-latex/posteriors-10.pdf Graphic file (typ
e pdf)
<use sageCastSupplement_files/figure-latex/posteriors-10.pdf>
Package pdftex.def Info: sageCastSupplement_files/figure-latex/posteriors-10.pd
f  used on input line 3605.
(pdftex.def)             Requested size: 469.75386pt x 325.2142pt.
[49 <./sageCastSupplement_files/figure-latex/posteriors-9.pdf>]
<sageCastSupplement_files/figure-latex/posteriors-11.pdf, id=335, 469.755pt x 3
25.215pt>
File: sageCastSupplement_files/figure-latex/posteriors-11.pdf Graphic file (typ
e pdf)
<use sageCastSupplement_files/figure-latex/posteriors-11.pdf>
Package pdftex.def Info: sageCastSupplement_files/figure-latex/posteriors-11.pd
f  used on input line 3622.
(pdftex.def)             Requested size: 469.75386pt x 325.2142pt.
[50 <./sageCastSupplement_files/figure-latex/posteriors-10.pdf>]
<sageCastSupplement_files/figure-latex/posteriors-12.pdf, id=346, 469.755pt x 3
25.215pt>
File: sageCastSupplement_files/figure-latex/posteriors-12.pdf Graphic file (typ
e pdf)
<use sageCastSupplement_files/figure-latex/posteriors-12.pdf>
Package pdftex.def Info: sageCastSupplement_files/figure-latex/posteriors-12.pd
f  used on input line 3639.
(pdftex.def)             Requested size: 469.75386pt x 325.2142pt.
[51 <./sageCastSupplement_files/figure-latex/posteriors-11.pdf>]
<sageCastSupplement_files/figure-latex/posteriors-13.pdf, id=357, 469.755pt x 3
25.215pt>
File: sageCastSupplement_files/figure-latex/posteriors-13.pdf Graphic file (typ
e pdf)
<use sageCastSupplement_files/figure-latex/posteriors-13.pdf>
Package pdftex.def Info: sageCastSupplement_files/figure-latex/posteriors-13.pd
f  used on input line 3656.
(pdftex.def)             Requested size: 469.75386pt x 325.2142pt.
[52 <./sageCastSupplement_files/figure-latex/posteriors-12.pdf>]
<sageCastSupplement_files/figure-latex/posteriors-14.pdf, id=368, 469.755pt x 3
25.215pt>
File: sageCastSupplement_files/figure-latex/posteriors-14.pdf Graphic file (typ
e pdf)
<use sageCastSupplement_files/figure-latex/posteriors-14.pdf>
Package pdftex.def Info: sageCastSupplement_files/figure-latex/posteriors-14.pd
f  used on input line 3673.
(pdftex.def)             Requested size: 469.75386pt x 325.2142pt.
[53 <./sageCastSupplement_files/figure-latex/posteriors-13.pdf>]
<sageCastSupplement_files/figure-latex/posteriors-15.pdf, id=379, 469.755pt x 3
25.215pt>
File: sageCastSupplement_files/figure-latex/posteriors-15.pdf Graphic file (typ
e pdf)
<use sageCastSupplement_files/figure-latex/posteriors-15.pdf>
Package pdftex.def Info: sageCastSupplement_files/figure-latex/posteriors-15.pd
f  used on input line 3690.
(pdftex.def)             Requested size: 469.75386pt x 325.2142pt.
[54 <./sageCastSupplement_files/figure-latex/posteriors-14.pdf>]
<sageCastSupplement_files/figure-latex/posteriors-16.pdf, id=390, 469.755pt x 3
25.215pt>
File: sageCastSupplement_files/figure-latex/posteriors-16.pdf Graphic file (typ
e pdf)
<use sageCastSupplement_files/figure-latex/posteriors-16.pdf>
Package pdftex.def Info: sageCastSupplement_files/figure-latex/posteriors-16.pd
f  used on input line 3707.
(pdftex.def)             Requested size: 469.75386pt x 325.2142pt.
[55 <./sageCastSupplement_files/figure-latex/posteriors-15.pdf>]
<sageCastSupplement_files/figure-latex/posteriors-17.pdf, id=402, 469.755pt x 3
25.215pt>
File: sageCastSupplement_files/figure-latex/posteriors-17.pdf Graphic file (typ
e pdf)
<use sageCastSupplement_files/figure-latex/posteriors-17.pdf>
Package pdftex.def Info: sageCastSupplement_files/figure-latex/posteriors-17.pd
f  used on input line 3724.
(pdftex.def)             Requested size: 469.75386pt x 325.2142pt.
[56 <./sageCastSupplement_files/figure-latex/posteriors-16.pdf>]
<sageCastSupplement_files/figure-latex/posteriors-18.pdf, id=413, 469.755pt x 3
25.215pt>
File: sageCastSupplement_files/figure-latex/posteriors-18.pdf Graphic file (typ
e pdf)
<use sageCastSupplement_files/figure-latex/posteriors-18.pdf>
Package pdftex.def Info: sageCastSupplement_files/figure-latex/posteriors-18.pd
f  used on input line 3741.
(pdftex.def)             Requested size: 469.75386pt x 325.2142pt.
[57 <./sageCastSupplement_files/figure-latex/posteriors-17.pdf>]
<sageCastSupplement_files/figure-latex/posteriors-19.pdf, id=425, 469.755pt x 3
25.215pt>
File: sageCastSupplement_files/figure-latex/posteriors-19.pdf Graphic file (typ
e pdf)
<use sageCastSupplement_files/figure-latex/posteriors-19.pdf>
Package pdftex.def Info: sageCastSupplement_files/figure-latex/posteriors-19.pd
f  used on input line 3757.
(pdftex.def)             Requested size: 469.75386pt x 325.2142pt.
[58 <./sageCastSupplement_files/figure-latex/posteriors-18.pdf>]
<sageCastSupplement_files/figure-latex/posteriors-20.pdf, id=436, 469.755pt x 3
25.215pt>
File: sageCastSupplement_files/figure-latex/posteriors-20.pdf Graphic file (typ
e pdf)
<use sageCastSupplement_files/figure-latex/posteriors-20.pdf>
Package pdftex.def Info: sageCastSupplement_files/figure-latex/posteriors-20.pd
f  used on input line 3773.
(pdftex.def)             Requested size: 469.75386pt x 325.2142pt.
[59 <./sageCastSupplement_files/figure-latex/posteriors-19.pdf>]
<sageCastSupplement_files/figure-latex/posteriors-21.pdf, id=447, 469.755pt x 3
25.215pt>
File: sageCastSupplement_files/figure-latex/posteriors-21.pdf Graphic file (typ
e pdf)
<use sageCastSupplement_files/figure-latex/posteriors-21.pdf>
Package pdftex.def Info: sageCastSupplement_files/figure-latex/posteriors-21.pd
f  used on input line 3791.
(pdftex.def)             Requested size: 469.75386pt x 325.2142pt.
[60 <./sageCastSupplement_files/figure-latex/posteriors-20.pdf>]
<sageCastSupplement_files/figure-latex/posteriors-22.pdf, id=458, 469.755pt x 3
25.215pt>
File: sageCastSupplement_files/figure-latex/posteriors-22.pdf Graphic file (typ
e pdf)
<use sageCastSupplement_files/figure-latex/posteriors-22.pdf>
Package pdftex.def Info: sageCastSupplement_files/figure-latex/posteriors-22.pd
f  used on input line 3809.
(pdftex.def)             Requested size: 469.75386pt x 325.2142pt.
[61 <./sageCastSupplement_files/figure-latex/posteriors-21.pdf>]
<sageCastSupplement_files/figure-latex/posteriors-23.pdf, id=470, 469.755pt x 3
25.215pt>
File: sageCastSupplement_files/figure-latex/posteriors-23.pdf Graphic file (typ
e pdf)
<use sageCastSupplement_files/figure-latex/posteriors-23.pdf>
Package pdftex.def Info: sageCastSupplement_files/figure-latex/posteriors-23.pd
f  used on input line 3827.
(pdftex.def)             Requested size: 469.75386pt x 325.2142pt.
[62 <./sageCastSupplement_files/figure-latex/posteriors-22.pdf>]
<sageCastSupplement_files/figure-latex/posteriors-24.pdf, id=481, 469.755pt x 3
25.215pt>
File: sageCastSupplement_files/figure-latex/posteriors-24.pdf Graphic file (typ
e pdf)
<use sageCastSupplement_files/figure-latex/posteriors-24.pdf>
Package pdftex.def Info: sageCastSupplement_files/figure-latex/posteriors-24.pd
f  used on input line 3843.
(pdftex.def)             Requested size: 469.75386pt x 325.2142pt.
[63 <./sageCastSupplement_files/figure-latex/posteriors-23.pdf>]
<sageCastSupplement_files/figure-latex/posteriors-25.pdf, id=492, 469.755pt x 3
25.215pt>
File: sageCastSupplement_files/figure-latex/posteriors-25.pdf Graphic file (typ
e pdf)
<use sageCastSupplement_files/figure-latex/posteriors-25.pdf>
Package pdftex.def Info: sageCastSupplement_files/figure-latex/posteriors-25.pd
f  used on input line 3860.
(pdftex.def)             Requested size: 469.75386pt x 325.2142pt.
[64 <./sageCastSupplement_files/figure-latex/posteriors-24.pdf>]
<sageCastSupplement_files/figure-latex/posteriors-26.pdf, id=503, 469.755pt x 3
25.215pt>
File: sageCastSupplement_files/figure-latex/posteriors-26.pdf Graphic file (typ
e pdf)
<use sageCastSupplement_files/figure-latex/posteriors-26.pdf>
Package pdftex.def Info: sageCastSupplement_files/figure-latex/posteriors-26.pd
f  used on input line 3876.
(pdftex.def)             Requested size: 469.75386pt x 325.2142pt.
[65 <./sageCastSupplement_files/figure-latex/posteriors-25.pdf>]
<sageCastSupplement_files/figure-latex/posteriors-27.pdf, id=514, 469.755pt x 3
25.215pt>
File: sageCastSupplement_files/figure-latex/posteriors-27.pdf Graphic file (typ
e pdf)
<use sageCastSupplement_files/figure-latex/posteriors-27.pdf>
Package pdftex.def Info: sageCastSupplement_files/figure-latex/posteriors-27.pd
f  used on input line 3893.
(pdftex.def)             Requested size: 469.75386pt x 325.2142pt.
[66 <./sageCastSupplement_files/figure-latex/posteriors-26.pdf>]
<sageCastSupplement_files/figure-latex/posteriors-28.pdf, id=525, 469.755pt x 3
25.215pt>
File: sageCastSupplement_files/figure-latex/posteriors-28.pdf Graphic file (typ
e pdf)
<use sageCastSupplement_files/figure-latex/posteriors-28.pdf>
Package pdftex.def Info: sageCastSupplement_files/figure-latex/posteriors-28.pd
f  used on input line 3910.
(pdftex.def)             Requested size: 469.75386pt x 325.2142pt.
[67 <./sageCastSupplement_files/figure-latex/posteriors-27.pdf>]
<sageCastSupplement_files/figure-latex/posteriors-29.pdf, id=537, 469.755pt x 3
25.215pt>
File: sageCastSupplement_files/figure-latex/posteriors-29.pdf Graphic file (typ
e pdf)
<use sageCastSupplement_files/figure-latex/posteriors-29.pdf>
Package pdftex.def Info: sageCastSupplement_files/figure-latex/posteriors-29.pd
f  used on input line 3926.
(pdftex.def)             Requested size: 469.75386pt x 325.2142pt.
[68 <./sageCastSupplement_files/figure-latex/posteriors-28.pdf>]
<sageCastSupplement_files/figure-latex/posteriors-30.pdf, id=548, 469.755pt x 3
25.215pt>
File: sageCastSupplement_files/figure-latex/posteriors-30.pdf Graphic file (typ
e pdf)
<use sageCastSupplement_files/figure-latex/posteriors-30.pdf>
Package pdftex.def Info: sageCastSupplement_files/figure-latex/posteriors-30.pd
f  used on input line 3943.
(pdftex.def)             Requested size: 469.75386pt x 325.2142pt.
[69 <./sageCastSupplement_files/figure-latex/posteriors-29.pdf>]
<sageCastSupplement_files/figure-latex/posteriors-31.pdf, id=560, 469.755pt x 3
25.215pt>
File: sageCastSupplement_files/figure-latex/posteriors-31.pdf Graphic file (typ
e pdf)
<use sageCastSupplement_files/figure-latex/posteriors-31.pdf>
Package pdftex.def Info: sageCastSupplement_files/figure-latex/posteriors-31.pd
f  used on input line 3960.
(pdftex.def)             Requested size: 469.75386pt x 325.2142pt.
[70 <./sageCastSupplement_files/figure-latex/posteriors-30.pdf>]
<sageCastSupplement_files/figure-latex/posteriors-32.pdf, id=571, 469.755pt x 3
25.215pt>
File: sageCastSupplement_files/figure-latex/posteriors-32.pdf Graphic file (typ
e pdf)
<use sageCastSupplement_files/figure-latex/posteriors-32.pdf>
Package pdftex.def Info: sageCastSupplement_files/figure-latex/posteriors-32.pd
f  used on input line 3977.
(pdftex.def)             Requested size: 469.75386pt x 325.2142pt.
[71 <./sageCastSupplement_files/figure-latex/posteriors-31.pdf>]
<sageCastSupplement_files/figure-latex/posteriors-33.pdf, id=582, 469.755pt x 3
25.215pt>
File: sageCastSupplement_files/figure-latex/posteriors-33.pdf Graphic file (typ
e pdf)
<use sageCastSupplement_files/figure-latex/posteriors-33.pdf>
Package pdftex.def Info: sageCastSupplement_files/figure-latex/posteriors-33.pd
f  used on input line 3994.
(pdftex.def)             Requested size: 469.75386pt x 325.2142pt.
[72 <./sageCastSupplement_files/figure-latex/posteriors-32.pdf>]
<sageCastSupplement_files/figure-latex/posteriors-34.pdf, id=593, 469.755pt x 3
25.215pt>
File: sageCastSupplement_files/figure-latex/posteriors-34.pdf Graphic file (typ
e pdf)
<use sageCastSupplement_files/figure-latex/posteriors-34.pdf>
Package pdftex.def Info: sageCastSupplement_files/figure-latex/posteriors-34.pd
f  used on input line 4011.
(pdftex.def)             Requested size: 469.75386pt x 325.2142pt.
[73 <./sageCastSupplement_files/figure-latex/posteriors-33.pdf>]
<sageCastSupplement_files/figure-latex/posteriors-35.pdf, id=605, 469.755pt x 3
25.215pt>
File: sageCastSupplement_files/figure-latex/posteriors-35.pdf Graphic file (typ
e pdf)
<use sageCastSupplement_files/figure-latex/posteriors-35.pdf>
Package pdftex.def Info: sageCastSupplement_files/figure-latex/posteriors-35.pd
f  used on input line 4028.
(pdftex.def)             Requested size: 469.75386pt x 325.2142pt.
[74 <./sageCastSupplement_files/figure-latex/posteriors-34.pdf>]
<sageCastSupplement_files/figure-latex/posteriors-36.pdf, id=616, 469.755pt x 3
25.215pt>
File: sageCastSupplement_files/figure-latex/posteriors-36.pdf Graphic file (typ
e pdf)
<use sageCastSupplement_files/figure-latex/posteriors-36.pdf>
Package pdftex.def Info: sageCastSupplement_files/figure-latex/posteriors-36.pd
f  used on input line 4045.
(pdftex.def)             Requested size: 469.75386pt x 325.2142pt.
[75 <./sageCastSupplement_files/figure-latex/posteriors-35.pdf>]
<sageCastSupplement_files/figure-latex/posteriors-37.pdf, id=627, 469.755pt x 3
25.215pt>
File: sageCastSupplement_files/figure-latex/posteriors-37.pdf Graphic file (typ
e pdf)
<use sageCastSupplement_files/figure-latex/posteriors-37.pdf>
Package pdftex.def Info: sageCastSupplement_files/figure-latex/posteriors-37.pd
f  used on input line 4061.
(pdftex.def)             Requested size: 469.75386pt x 325.2142pt.
[76 <./sageCastSupplement_files/figure-latex/posteriors-36.pdf>]
<sageCastSupplement_files/figure-latex/posteriors-38.pdf, id=638, 469.755pt x 3
25.215pt>
File: sageCastSupplement_files/figure-latex/posteriors-38.pdf Graphic file (typ
e pdf)
<use sageCastSupplement_files/figure-latex/posteriors-38.pdf>
Package pdftex.def Info: sageCastSupplement_files/figure-latex/posteriors-38.pd
f  used on input line 4077.
(pdftex.def)             Requested size: 469.75386pt x 325.2142pt.
[77 <./sageCastSupplement_files/figure-latex/posteriors-37.pdf>]
<sageCastSupplement_files/figure-latex/posteriors-39.pdf, id=649, 469.755pt x 3
25.215pt>
File: sageCastSupplement_files/figure-latex/posteriors-39.pdf Graphic file (typ
e pdf)
<use sageCastSupplement_files/figure-latex/posteriors-39.pdf>
Package pdftex.def Info: sageCastSupplement_files/figure-latex/posteriors-39.pd
f  used on input line 4094.
(pdftex.def)             Requested size: 469.75386pt x 325.2142pt.
[78 <./sageCastSupplement_files/figure-latex/posteriors-38.pdf>] [79 <./sageCas
tSupplement_files/figure-latex/posteriors-39.pdf>] [80] (./sageCastSupplement.a
ux)

LaTeX Warning: There were multiply-defined labels.

Package rerunfilecheck Info: File `sageCastSupplement.out' has not changed.
(rerunfilecheck)             Checksum: C76D60E8927CC211AD0E177F58A5AA06;611.
 ) 
Here is how much of TeX's memory you used:
 11643 strings out of 480313
 192907 string characters out of 5895275
 741670 words of memory out of 5000000
 29134 multiletter control sequences out of 15000+600000
 433257 words of font info for 49 fonts, out of 8000000 for 9000
 14 hyphenation exceptions out of 8191
 60i,8n,63p,381b,439s stack positions out of 5000i,500n,10000p,200000b,80000s
{c:/Users/atredennick/AppData/Roaming/TinyTeX/texmf-dist/fonts/enc/dvips/lm/l
m-mathit.enc}{c:/Users/atredennick/AppData/Roaming/TinyTeX/texmf-dist/fonts/enc
/dvips/lm/lm-rm.enc}{c:/Users/atredennick/AppData/Roaming/TinyTeX/texmf-dist/fo
nts/enc/dvips/lm/lm-ec.enc}<c:/Users/atredennick/AppData/Roaming/TinyTeX/texmf-
dist/fonts/type1/public/lm/lmbx12.pfb><c:/Users/atredennick/AppData/Roaming/Tin
yTeX/texmf-dist/fonts/type1/public/lm/lmcsc10.pfb><c:/Users/atredennick/AppData
/Roaming/TinyTeX/texmf-dist/fonts/type1/public/lm/lmmi10.pfb><c:/Users/atredenn
ick/AppData/Roaming/TinyTeX/texmf-dist/fonts/type1/public/lm/lmmi7.pfb><c:/User
s/atredennick/AppData/Roaming/TinyTeX/texmf-dist/fonts/type1/public/lm/lmr10.pf
b><c:/Users/atredennick/AppData/Roaming/TinyTeX/texmf-dist/fonts/type1/public/l
m/lmr7.pfb>
Output written on sageCastSupplement.pdf (80 pages, 435723 bytes).
PDF statistics:
 749 PDF objects out of 1000 (max. 8388607)
 570 compressed objects within 6 object streams
 166 named destinations out of 1000 (max. 500000)
 220 words of extra memory for PDF output out of 10000 (max. 10000000)

